{
  "RSpec": {
    "coverage": {
      "/Users/kirankukar/Projects/BookmarkManager/spec/bookmarks_spec.rb": {
        "lines": [
          1,
          null,
          1,
          1,
          1,
          1,
          null,
          1,
          1,
          null,
          null,
          null
        ]
      },
      "/Users/kirankukar/Projects/BookmarkManager/spec/features/viewing_bookmarks_spec.rb": {
        "lines": [
          1,
          null,
          1,
          1,
          1,
          null,
          null,
          1,
          1,
          1,
          1,
          null,
          null
        ]
      }
    },
    "timestamp": 1641913096
  }
}
